<?xml version="1.0" encoding="UTF-8"?>
<testng-results skipped="0" failed="0" ignored="0" total="1" passed="1">
  <reporter-output>
  </reporter-output>
  <suite name="Default suite" duration-ms="124297" started-at="2020-07-02T17:12:24 IST" finished-at="2020-07-02T17:14:29 IST">
    <groups>
    </groups>
    <test name="Default test" duration-ms="124297" started-at="2020-07-02T17:12:24 IST" finished-at="2020-07-02T17:14:29 IST">
      <class name="com.qa.orghrm.pageTests.LoginTest">
        <test-method status="PASS" signature="browserLaunch()[pri:0, instance:com.qa.orghrm.pageTests.LoginTest@1f7030a6]" name="browserLaunch" is-config="true" duration-ms="70635" started-at="2020-07-02T17:12:24 IST" finished-at="2020-07-02T17:13:35 IST">
          <reporter-output>
          </reporter-output>
        </test-method> <!-- browserLaunch -->
        <test-method status="PASS" signature="verifyLogin()[pri:0, instance:com.qa.orghrm.pageTests.LoginTest@1f7030a6]" name="verifyLogin" duration-ms="53602" started-at="2020-07-02T17:13:35 IST" finished-at="2020-07-02T17:14:29 IST">
          <reporter-output>
          </reporter-output>
        </test-method> <!-- verifyLogin -->
      </class> <!-- com.qa.orghrm.pageTests.LoginTest -->
    </test> <!-- Default test -->
  </suite> <!-- Default suite -->
</testng-results>
